# JRE version: Java(TM) SE Runtime Environment (9.0+11) (build 9.0.4+11)
# Java VM: Java HotSpot(TM) 64-Bit Server VM (9.0.4+11, mixed mode, tiered, compressed oops, g1 gc, windows-amd64)
Heap:
 garbage-first heap   total 377856K, used 151615K [0x0000000700000000, 0x0000000700100b88, 0x00000007c0000000)
  region size 1024K, 15 young (15360K), 1 survivors (1024K)
 Metaspace       used 87171K, capacity 88893K, committed 96128K, reserved 1132544K
  class space    used 10979K, capacity 11375K, committed 12928K, reserved 1048576K
GC Heap History (10 events):
Event: 160368.945 GC heap before
{Heap before GC invocations=15182 (full 9547):
 garbage-first heap   total 377856K, used 198883K [0x0000000700000000, 0x0000000700100b88, 0x00000007c0000000)
  region size 1024K, 60 young (61440K), 1 survivors (1024K)
 Metaspace       used 87171K, capacity 88893K, committed 96128K, reserved 1132544K
  class space    used 10979K, capacity 11375K, committed 12928K, reserved 1048576K
}
Event: 160368.948 GC heap after
{Heap after GC invocations=15183 (full 9547):
 garbage-first heap   total 377856K, used 138453K [0x0000000700000000, 0x0000000700100b88, 0x00000007c0000000)
  region size 1024K, 1 young (1024K), 1 survivors (1024K)
 Metaspace       used 87171K, capacity 88893K, committed 96128K, reserved 1132544K
  class space    used 10979K, capacity 11375K, committed 12928K, reserved 1048576K
}
Event: 160391.732 GC heap before
{Heap before GC invocations=15183 (full 9547):
 garbage-first heap   total 377856K, used 198869K [0x0000000700000000, 0x0000000700100b88, 0x00000007c0000000)
  region size 1024K, 60 young (61440K), 1 survivors (1024K)
 Metaspace       used 87171K, capacity 88893K, committed 96128K, reserved 1132544K
  class space    used 10979K, capacity 11375K, committed 12928K, reserved 1048576K
}
Event: 160391.734 GC heap after
{Heap after GC invocations=15184 (full 9547):
 garbage-first heap   total 377856K, used 138315K [0x0000000700000000, 0x0000000700100b88, 0x00000007c0000000)
  region size 1024K, 1 young (1024K), 1 survivors (1024K)
 Metaspace       used 87171K, capacity 88893K, committed 96128K, reserved 1132544K
  class space    used 10979K, capacity 11375K, committed 12928K, reserved 1048576K
}
Event: 160445.407 GC heap before
{Heap before GC invocations=15184 (full 9547):
 garbage-first heap   total 377856K, used 198731K [0x0000000700000000, 0x0000000700100b88, 0x00000007c0000000)
  region size 1024K, 60 young (61440K), 1 survivors (1024K)
 Metaspace       used 87171K, capacity 88893K, committed 96128K, reserved 1132544K
  class space    used 10979K, capacity 11375K, committed 12928K, reserved 1048576K
}
Event: 160445.410 GC heap after
{Heap after GC invocations=15185 (full 9547):
 garbage-first heap   total 377856K, used 138479K [0x0000000700000000, 0x0000000700100b88, 0x00000007c0000000)
  region size 1024K, 1 young (1024K), 1 survivors (1024K)
 Metaspace       used 87171K, capacity 88893K, committed 96128K, reserved 1132544K
  class space    used 10979K, capacity 11375K, committed 12928K, reserved 1048576K
}
Event: 160477.510 GC heap before
{Heap before GC invocations=15185 (full 9547):
 garbage-first heap   total 377856K, used 198895K [0x0000000700000000, 0x0000000700100b88, 0x00000007c0000000)
  region size 1024K, 60 young (61440K), 1 survivors (1024K)
 Metaspace       used 87171K, capacity 88893K, committed 96128K, reserved 1132544K
  class space    used 10979K, capacity 11375K, committed 12928K, reserved 1048576K
}
Event: 160477.512 GC heap after
{Heap after GC invocations=15186 (full 9547):
 garbage-first heap   total 377856K, used 138476K [0x0000000700000000, 0x0000000700100b88, 0x00000007c0000000)
  region size 1024K, 1 young (1024K), 1 survivors (1024K)
 Metaspace       used 87171K, capacity 88893K, committed 96128K, reserved 1132544K
  class space    used 10979K, capacity 11375K, committed 12928K, reserved 1048576K
}
Event: 160477.710 GC heap before
{Heap before GC invocations=15186 (full 9547):
 garbage-first heap   total 377856K, used 198892K [0x0000000700000000, 0x0000000700100b88, 0x00000007c0000000)
  region size 1024K, 60 young (61440K), 1 survivors (1024K)
 Metaspace       used 87171K, capacity 88893K, committed 96128K, reserved 1132544K
  class space    used 10979K, capacity 11375K, committed 12928K, reserved 1048576K
}
Event: 160477.714 GC heap after
{Heap after GC invocations=15187 (full 9547):
 garbage-first heap   total 377856K, used 138303K [0x0000000700000000, 0x0000000700100b88, 0x00000007c0000000)
  region size 1024K, 1 young (1024K), 1 survivors (1024K)
 Metaspace       used 87171K, capacity 88893K, committed 96128K, reserved 1132544K
  class space    used 10979K, capacity 11375K, committed 12928K, reserved 1048576K
}

